MonitoringEvent{eventType=SYSTEM_METRIC, timestamp=2025-12-15T10:27:21.369196700Z, metricName='cpu.load', metricValue=0.0, tags={diskWriteMBps=-1.0, netMbps=-1.0, diskFreeGb=14.850135803222656, freeMemoryMb=1412.8828125, totalMemoryMb=16004.65234375, diskReadMBps=-1.0}, source='demo-host', severity='INFO', message='System CPU/memory/disk snapshot'}
MonitoringEvent{eventType=BIZ_METRIC, timestamp=2025-12-15T10:27:21.370196800Z, metricName='order.success.rate', metricValue=90.0, tags={}, source='biz-service', severity='INFO', message='biz metric collected'}
MonitoringEvent{eventType=APP_METRIC, timestamp=2025-12-15T10:27:21.476987700Z, metricName='api.latency', metricValue=106.0, tags={error=false, durationMs=106}, source='app-service', severity='INFO', message='success'}
MonitoringEvent{eventType=SYSTEM_METRIC, timestamp=2025-12-15T10:27:22.402318100Z, metricName='cpu.load', metricValue=18.04510528111298, tags={diskWriteMBps=5.0884046052631575, netMbps=0.4374664586583463, diskFreeGb=14.85013198852539, freeMemoryMb=1413.3515625, totalMemoryMb=16004.65234375, diskReadMBps=39.19719827586207}, source='demo-host', severity='INFO', message='System CPU/memory/disk snapshot'}
MonitoringEvent{eventType=BIZ_METRIC, timestamp=2025-12-15T10:27:22.402318100Z, metricName='order.success.rate', metricValue=89.0, tags={}, source='biz-service', severity='INFO', message='biz metric collected'}
MonitoringEvent{eventType=APP_METRIC, timestamp=2025-12-15T10:27:22.517688Z, metricName='api.latency', metricValue=115.0, tags={error=false, durationMs=115}, source='app-service', severity='INFO', message='success'}
MonitoringEvent{eventType=SYSTEM_METRIC, timestamp=2025-12-15T10:27:24.400704900Z, metricName='cpu.load', metricValue=3.9983793987551364, tags={diskWriteMBps=0.9966978092783505, netMbps=0.2065192596298149, diskFreeGb=14.85013198852539, freeMemoryMb=1402.97265625, totalMemoryMb=16004.65234375, diskReadMBps=70.43850806451613}, source='demo-host', severity='INFO', message='System CPU/memory/disk snapshot'}
MonitoringEvent{eventType=BIZ_METRIC, timestamp=2025-12-15T10:27:24.400704900Z, metricName='order.success.rate', metricValue=88.0, tags={}, source='biz-service', severity='INFO', message='biz metric collected'}
MonitoringEvent{eventType=APP_METRIC, timestamp=2025-12-15T10:27:24.515481900Z, metricName='api.latency', metricValue=114.0, tags={error=false, durationMs=114}, source='app-service', severity='INFO', message='success'}
MonitoringEvent{eventType=SYSTEM_METRIC, timestamp=2025-12-15T10:27:26.391114100Z, metricName='cpu.load', metricValue=4.231698185089239, tags={diskWriteMBps=3.668369391025641, netMbps=0.6061302834410741, diskFreeGb=14.850116729736328, freeMemoryMb=1399.76953125, totalMemoryMb=16004.65234375, diskReadMBps=27.1484375}, source='demo-host', severity='INFO', message='System CPU/memory/disk snapshot'}
MonitoringEvent{eventType=BIZ_METRIC, timestamp=2025-12-15T10:27:26.391114100Z, metricName='order.success.rate', metricValue=87.0, tags={}, source='biz-service', severity='INFO', message='biz metric collected'}
MonitoringEvent{eventType=APP_METRIC, timestamp=2025-12-15T10:27:26.495420100Z, metricName='api.latency', metricValue=104.0, tags={error=false, durationMs=104}, source='app-service', severity='INFO', message='success'}
MonitoringEvent{eventType=SYSTEM_METRIC, timestamp=2025-12-15T10:27:28.394234500Z, metricName='cpu.load', metricValue=12.029350765338387, tags={diskWriteMBps=1.4149058948863635, netMbps=0.07815230460921843, diskFreeGb=14.850105285644531, freeMemoryMb=1400.87890625, totalMemoryMb=16004.65234375, diskReadMBps=3.4722222222222223}, source='demo-host', severity='INFO', message='System CPU/memory/disk snapshot'}
MonitoringEvent{eventType=BIZ_METRIC, timestamp=2025-12-15T10:27:28.394234500Z, metricName='order.success.rate', metricValue=86.0, tags={}, source='biz-service', severity='INFO', message='biz metric collected'}
MonitoringEvent{eventType=APP_METRIC, timestamp=2025-12-15T10:27:28.508235500Z, metricName='api.latency', metricValue=113.0, tags={error=true, durationMs=113}, source='app-service', severity='ERROR', message='error: mock error'}
MonitoringEvent{eventType=SYSTEM_METRIC, timestamp=2025-12-15T10:27:30.391697300Z, metricName='cpu.load', metricValue=3.681380599441142, tags={diskWriteMBps=12.511488970588236, netMbps=0.1432869303955934, diskFreeGb=14.850448608398438, freeMemoryMb=1402.55078125, totalMemoryMb=16004.65234375, diskReadMBps=23.26766304347826}, source='demo-host', severity='INFO', message='System CPU/memory/disk snapshot'}
MonitoringEvent{eventType=BIZ_METRIC, timestamp=2025-12-15T10:27:30.391697300Z, metricName='order.success.rate', metricValue=85.0, tags={}, source='biz-service', severity='INFO', message='biz metric collected'}
MonitoringEvent{eventType=APP_METRIC, timestamp=2025-12-15T10:27:30.505553700Z, metricName='api.latency', metricValue=113.0, tags={error=false, durationMs=113}, source='app-service', severity='INFO', message='success'}
MonitoringEvent{eventType=SYSTEM_METRIC, timestamp=2025-12-15T10:27:38.378032900Z, metricName='cpu.load', metricValue=0.0, tags={netMbps=-1.0, diskFreeGb=14.849227905273438, freeMemoryMb=1454.8515625, totalMemoryMb=16004.65234375, diskReadMBps=-1.0, diskWriteMBps=-1.0}, source='demo-host', severity='INFO', message='System CPU/memory/disk snapshot'}
MonitoringEvent{eventType=BIZ_METRIC, timestamp=2025-12-15T10:27:38.378032900Z, metricName='order.success.rate', metricValue=90.0, tags={}, source='biz-service', severity='INFO', message='biz metric collected'}
MonitoringEvent{eventType=APP_METRIC, timestamp=2025-12-15T10:27:38.494252700Z, metricName='api.latency', metricValue=115.0, tags={error=false, durationMs=115}, source='app-service', severity='INFO', message='success'}
MonitoringEvent{eventType=SYSTEM_METRIC, timestamp=2025-12-15T10:27:39.574547600Z, metricName='cpu.load', metricValue=21.422883082540345, tags={netMbps=0.07007270135424092, diskFreeGb=14.849205017089844, freeMemoryMb=1409.5703125, totalMemoryMb=16004.65234375, diskReadMBps=299.6314264112903, diskWriteMBps=69.54721304086539}, source='demo-host', severity='INFO', message='System CPU/memory/disk snapshot'}
MonitoringEvent{eventType=BIZ_METRIC, timestamp=2025-12-15T10:27:39.574547600Z, metricName='order.success.rate', metricValue=89.0, tags={}, source='biz-service', severity='INFO', message='biz metric collected'}
MonitoringEvent{eventType=APP_METRIC, timestamp=2025-12-15T10:27:39.677689600Z, metricName='api.latency', metricValue=103.0, tags={error=false, durationMs=103}, source='app-service', severity='INFO', message='success'}
MonitoringEvent{eventType=SYSTEM_METRIC, timestamp=2025-12-15T10:27:41.615817600Z, metricName='cpu.load', metricValue=5.545528171593195, tags={netMbps=0.4388077496274218, diskFreeGb=14.848686218261719, freeMemoryMb=1410.75390625, totalMemoryMb=16004.65234375, diskReadMBps=43.98386101973684, diskWriteMBps=5.884630926724138}, source='demo-host', severity='INFO', message='System CPU/memory/disk snapshot'}
MonitoringEvent{eventType=BIZ_METRIC, timestamp=2025-12-15T10:27:41.615817600Z, metricName='order.success.rate', metricValue=88.0, tags={}, source='biz-service', severity='INFO', message='biz metric collected'}
MonitoringEvent{eventType=APP_METRIC, timestamp=2025-12-15T10:27:41.722707900Z, metricName='api.latency', metricValue=106.0, tags={error=false, durationMs=106}, source='app-service', severity='INFO', message='success'}
MonitoringEvent{eventType=SYSTEM_METRIC, timestamp=2025-12-15T10:27:43.572685Z, metricName='cpu.load', metricValue=5.5698764153574665, tags={netMbps=0.0822, diskFreeGb=14.848575592041016, freeMemoryMb=1414.75, totalMemoryMb=16004.65234375, diskReadMBps=237.77173913043478, diskWriteMBps=4.116263440860215}, source='demo-host', severity='INFO', message='System CPU/memory/disk snapshot'}
MonitoringEvent{eventType=BIZ_METRIC, timestamp=2025-12-15T10:27:43.572685Z, metricName='order.success.rate', metricValue=87.0, tags={}, source='biz-service', severity='INFO', message='biz metric collected'}
MonitoringEvent{eventType=APP_METRIC, timestamp=2025-12-15T10:27:43.673967600Z, metricName='api.latency', metricValue=100.0, tags={error=false, durationMs=100}, source='app-service', severity='INFO', message='success'}
MonitoringEvent{eventType=SYSTEM_METRIC, timestamp=2025-12-15T10:27:45.582987200Z, metricName='cpu.load', metricValue=5.834369898546809, tags={netMbps=0.3153907815631263, diskFreeGb=14.848548889160156, freeMemoryMb=1372.0390625, totalMemoryMb=16004.65234375, diskReadMBps=48.29738451086956, diskWriteMBps=6.9226416471962615}, source='demo-host', severity='INFO', message='System CPU/memory/disk snapshot'}
MonitoringEvent{eventType=BIZ_METRIC, timestamp=2025-12-15T10:27:45.582987200Z, metricName='order.success.rate', metricValue=86.0, tags={}, source='biz-service', severity='INFO', message='biz metric collected'}
MonitoringEvent{eventType=APP_METRIC, timestamp=2025-12-15T10:27:45.688740300Z, metricName='api.latency', metricValue=105.0, tags={error=true, durationMs=105}, source='app-service', severity='ERROR', message='error: mock error'}
MonitoringEvent{eventType=SYSTEM_METRIC, timestamp=2025-12-15T10:27:47.596319Z, metricName='cpu.load', metricValue=5.946006233814272, tags={netMbps=0.07054727363681841, diskFreeGb=14.848548889160156, freeMemoryMb=1370.3046875, totalMemoryMb=16004.65234375, diskReadMBps=25.499131944444443, diskWriteMBps=3.098209347345133}, source='demo-host', severity='INFO', message='System CPU/memory/disk snapshot'}
MonitoringEvent{eventType=BIZ_METRIC, timestamp=2025-12-15T10:27:47.596319Z, metricName='order.success.rate', metricValue=85.0, tags={}, source='biz-service', severity='INFO', message='biz metric collected'}
MonitoringEvent{eventType=APP_METRIC, timestamp=2025-12-15T10:27:47.699949Z, metricName='api.latency', metricValue=103.0, tags={error=false, durationMs=103}, source='app-service', severity='INFO', message='success'}
